0 info it worked if it ends with ok
1 verbose cli [ '/Users/mjsalinger/.nvm/v0.10.42/bin/node',
1 verbose cli   '/Users/mjsalinger/.nvm/v0.10.42/bin/npm',
1 verbose cli   'install' ]
2 info using npm@1.4.29
3 info using node@v0.10.42
4 warn deprecated This version of npm lacks support for important features,
5 warn deprecated such as scoped packages, offered by the primary npm
6 warn deprecated registry. Consider upgrading to at least npm@2, if not the
7 warn deprecated latest stable version. To upgrade to npm@2, run:
8 warn deprecated npm -g install npm@latest-2
9 warn deprecated To upgrade to the latest stable version, run:
10 warn deprecated npm -g install npm@latest
11 warn deprecated (Depending on how Node.js was installed on your system, you
12 warn deprecated may need to prefix the preceding commands with `sudo`, or if
13 warn deprecated on Windows, run them from an Administrator prompt.)
14 warn deprecated If you're running the version of npm bundled with
15 warn deprecated Node.js 0.10 LTS, be aware that the next version of 0.10 LTS
16 warn deprecated will be bundled with a version of npm@2, which has some small
17 warn deprecated backwards-incompatible changes made to `npm run-script` and
18 warn deprecated semver behavior.
19 verbose readDependencies using package.json deps
20 verbose install where, deps [ '/Users/mjsalinger/Development/Personal/express-oauth-server',
20 verbose install   [ 'bluebird',
20 verbose install     'express',
20 verbose install     'oauth2-server',
20 verbose install     'thenify',
20 verbose install     'body-parser',
20 verbose install     'jshint',
20 verbose install     'mocha',
20 verbose install     'should',
20 verbose install     'sinon',
20 verbose install     'supertest' ] ]
21 info preinstall express-oauth-server@1.0.0
22 verbose readDependencies using package.json deps
23 verbose cache add [ 'bluebird@^3.0.5', null ]
24 verbose cache add name=undefined spec="bluebird@^3.0.5" args=["bluebird@^3.0.5",null]
25 verbose parsed url { protocol: null,
25 verbose parsed url   slashes: null,
25 verbose parsed url   auth: null,
25 verbose parsed url   host: null,
25 verbose parsed url   port: null,
25 verbose parsed url   hostname: null,
25 verbose parsed url   hash: null,
25 verbose parsed url   search: null,
25 verbose parsed url   query: null,
25 verbose parsed url   pathname: 'bluebird@^3.0.5',
25 verbose parsed url   path: 'bluebird@^3.0.5',
25 verbose parsed url   href: 'bluebird@^3.0.5' }
26 verbose cache add [ 'express@^4.13.3', null ]
27 verbose cache add name=undefined spec="express@^4.13.3" args=["express@^4.13.3",null]
28 verbose parsed url { protocol: null,
28 verbose parsed url   slashes: null,
28 verbose parsed url   auth: null,
28 verbose parsed url   host: null,
28 verbose parsed url   port: null,
28 verbose parsed url   hostname: null,
28 verbose parsed url   hash: null,
28 verbose parsed url   search: null,
28 verbose parsed url   query: null,
28 verbose parsed url   pathname: 'express@^4.13.3',
28 verbose parsed url   path: 'express@^4.13.3',
28 verbose parsed url   href: 'express@^4.13.3' }
29 verbose cache add [ 'oauth2-server@oauth2-server', null ]
30 verbose cache add name=undefined spec="oauth2-server@oauth2-server" args=["oauth2-server@oauth2-server",null]
31 verbose parsed url { protocol: null,
31 verbose parsed url   slashes: null,
31 verbose parsed url   auth: null,
31 verbose parsed url   host: null,
31 verbose parsed url   port: null,
31 verbose parsed url   hostname: null,
31 verbose parsed url   hash: null,
31 verbose parsed url   search: null,
31 verbose parsed url   query: null,
31 verbose parsed url   pathname: 'oauth2-server@oauth2-server',
31 verbose parsed url   path: 'oauth2-server@oauth2-server',
31 verbose parsed url   href: 'oauth2-server@oauth2-server' }
32 verbose cache add [ 'thenify@^3.0.0', null ]
33 verbose cache add name=undefined spec="thenify@^3.0.0" args=["thenify@^3.0.0",null]
34 verbose parsed url { protocol: null,
34 verbose parsed url   slashes: null,
34 verbose parsed url   auth: null,
34 verbose parsed url   host: null,
34 verbose parsed url   port: null,
34 verbose parsed url   hostname: null,
34 verbose parsed url   hash: null,
34 verbose parsed url   search: null,
34 verbose parsed url   query: null,
34 verbose parsed url   pathname: 'thenify@^3.0.0',
34 verbose parsed url   path: 'thenify@^3.0.0',
34 verbose parsed url   href: 'thenify@^3.0.0' }
35 verbose cache add name="bluebird" spec="^3.0.5" args=["bluebird","^3.0.5"]
36 verbose parsed url { protocol: null,
36 verbose parsed url   slashes: null,
36 verbose parsed url   auth: null,
36 verbose parsed url   host: null,
36 verbose parsed url   port: null,
36 verbose parsed url   hostname: null,
36 verbose parsed url   hash: null,
36 verbose parsed url   search: null,
36 verbose parsed url   query: null,
36 verbose parsed url   pathname: '^3.0.5',
36 verbose parsed url   path: '^3.0.5',
36 verbose parsed url   href: '^3.0.5' }
37 verbose addNamed [ 'bluebird', '^3.0.5' ]
38 verbose addNamed [ null, '>=3.0.5-0 <4.0.0-0' ]
39 verbose cache add name="express" spec="^4.13.3" args=["express","^4.13.3"]
40 verbose parsed url { protocol: null,
40 verbose parsed url   slashes: null,
40 verbose parsed url   auth: null,
40 verbose parsed url   host: null,
40 verbose parsed url   port: null,
40 verbose parsed url   hostname: null,
40 verbose parsed url   hash: null,
40 verbose parsed url   search: null,
40 verbose parsed url   query: null,
40 verbose parsed url   pathname: '^4.13.3',
40 verbose parsed url   path: '^4.13.3',
40 verbose parsed url   href: '^4.13.3' }
41 verbose addNamed [ 'express', '^4.13.3' ]
42 verbose addNamed [ null, '>=4.13.3-0 <5.0.0-0' ]
43 verbose cache add name="oauth2-server" spec="oauth2-server" args=["oauth2-server","oauth2-server"]
44 verbose parsed url { protocol: null,
44 verbose parsed url   slashes: null,
44 verbose parsed url   auth: null,
44 verbose parsed url   host: null,
44 verbose parsed url   port: null,
44 verbose parsed url   hostname: null,
44 verbose parsed url   hash: null,
44 verbose parsed url   search: null,
44 verbose parsed url   query: null,
44 verbose parsed url   pathname: 'oauth2-server',
44 verbose parsed url   path: 'oauth2-server',
44 verbose parsed url   href: 'oauth2-server' }
45 verbose addNamed [ 'oauth2-server', 'oauth2-server' ]
46 verbose addNamed [ null, null ]
47 verbose cache add [ 'body-parser@^1.14.1', null ]
48 verbose cache add name=undefined spec="body-parser@^1.14.1" args=["body-parser@^1.14.1",null]
49 verbose parsed url { protocol: null,
49 verbose parsed url   slashes: null,
49 verbose parsed url   auth: null,
49 verbose parsed url   host: null,
49 verbose parsed url   port: null,
49 verbose parsed url   hostname: null,
49 verbose parsed url   hash: null,
49 verbose parsed url   search: null,
49 verbose parsed url   query: null,
49 verbose parsed url   pathname: 'body-parser@^1.14.1',
49 verbose parsed url   path: 'body-parser@^1.14.1',
49 verbose parsed url   href: 'body-parser@^1.14.1' }
50 verbose cache add name="thenify" spec="^3.0.0" args=["thenify","^3.0.0"]
51 verbose parsed url { protocol: null,
51 verbose parsed url   slashes: null,
51 verbose parsed url   auth: null,
51 verbose parsed url   host: null,
51 verbose parsed url   port: null,
51 verbose parsed url   hostname: null,
51 verbose parsed url   hash: null,
51 verbose parsed url   search: null,
51 verbose parsed url   query: null,
51 verbose parsed url   pathname: '^3.0.0',
51 verbose parsed url   path: '^3.0.0',
51 verbose parsed url   href: '^3.0.0' }
52 verbose addNamed [ 'thenify', '^3.0.0' ]
53 verbose addNamed [ null, '>=3.0.0-0 <4.0.0-0' ]
54 silly lockFile b6975983-bluebird-3-0-5 bluebird@^3.0.5
55 verbose lock bluebird@^3.0.5 /Users/mjsalinger/.npm/b6975983-bluebird-3-0-5.lock
56 silly lockFile 9c28b82e-express-4-13-3 express@^4.13.3
57 verbose lock express@^4.13.3 /Users/mjsalinger/.npm/9c28b82e-express-4-13-3.lock
58 silly lockFile 11238f0e-oauth2-server-oauth2-server oauth2-server@oauth2-server
59 verbose lock oauth2-server@oauth2-server /Users/mjsalinger/.npm/11238f0e-oauth2-server-oauth2-server.lock
60 silly lockFile 2d83978f-thenify-3-0-0 thenify@^3.0.0
61 verbose lock thenify@^3.0.0 /Users/mjsalinger/.npm/2d83978f-thenify-3-0-0.lock
62 verbose cache add [ 'jshint@^2.8.0', null ]
63 verbose cache add name=undefined spec="jshint@^2.8.0" args=["jshint@^2.8.0",null]
64 verbose parsed url { protocol: null,
64 verbose parsed url   slashes: null,
64 verbose parsed url   auth: null,
64 verbose parsed url   host: null,
64 verbose parsed url   port: null,
64 verbose parsed url   hostname: null,
64 verbose parsed url   hash: null,
64 verbose parsed url   search: null,
64 verbose parsed url   query: null,
64 verbose parsed url   pathname: 'jshint@^2.8.0',
64 verbose parsed url   path: 'jshint@^2.8.0',
64 verbose parsed url   href: 'jshint@^2.8.0' }
65 verbose cache add [ 'mocha@^2.3.3', null ]
66 verbose cache add name=undefined spec="mocha@^2.3.3" args=["mocha@^2.3.3",null]
67 verbose parsed url { protocol: null,
67 verbose parsed url   slashes: null,
67 verbose parsed url   auth: null,
67 verbose parsed url   host: null,
67 verbose parsed url   port: null,
67 verbose parsed url   hostname: null,
67 verbose parsed url   hash: null,
67 verbose parsed url   search: null,
67 verbose parsed url   query: null,
67 verbose parsed url   pathname: 'mocha@^2.3.3',
67 verbose parsed url   path: 'mocha@^2.3.3',
67 verbose parsed url   href: 'mocha@^2.3.3' }
68 verbose cache add name="body-parser" spec="^1.14.1" args=["body-parser","^1.14.1"]
69 verbose parsed url { protocol: null,
69 verbose parsed url   slashes: null,
69 verbose parsed url   auth: null,
69 verbose parsed url   host: null,
69 verbose parsed url   port: null,
69 verbose parsed url   hostname: null,
69 verbose parsed url   hash: null,
69 verbose parsed url   search: null,
69 verbose parsed url   query: null,
69 verbose parsed url   pathname: '^1.14.1',
69 verbose parsed url   path: '^1.14.1',
69 verbose parsed url   href: '^1.14.1' }
70 verbose addNamed [ 'body-parser', '^1.14.1' ]
71 verbose addNamed [ null, '>=1.14.1-0 <2.0.0-0' ]
72 silly lockFile 1f68d08c-body-parser-1-14-1 body-parser@^1.14.1
73 verbose lock body-parser@^1.14.1 /Users/mjsalinger/.npm/1f68d08c-body-parser-1-14-1.lock
74 verbose cache add name="jshint" spec="^2.8.0" args=["jshint","^2.8.0"]
75 verbose parsed url { protocol: null,
75 verbose parsed url   slashes: null,
75 verbose parsed url   auth: null,
75 verbose parsed url   host: null,
75 verbose parsed url   port: null,
75 verbose parsed url   hostname: null,
75 verbose parsed url   hash: null,
75 verbose parsed url   search: null,
75 verbose parsed url   query: null,
75 verbose parsed url   pathname: '^2.8.0',
75 verbose parsed url   path: '^2.8.0',
75 verbose parsed url   href: '^2.8.0' }
76 verbose addNamed [ 'jshint', '^2.8.0' ]
77 verbose addNamed [ null, '>=2.8.0-0 <3.0.0-0' ]
78 silly lockFile 44d500ba-jshint-2-8-0 jshint@^2.8.0
79 verbose lock jshint@^2.8.0 /Users/mjsalinger/.npm/44d500ba-jshint-2-8-0.lock
80 verbose cache add [ 'should@^7.1.0', null ]
81 verbose cache add name=undefined spec="should@^7.1.0" args=["should@^7.1.0",null]
82 verbose parsed url { protocol: null,
82 verbose parsed url   slashes: null,
82 verbose parsed url   auth: null,
82 verbose parsed url   host: null,
82 verbose parsed url   port: null,
82 verbose parsed url   hostname: null,
82 verbose parsed url   hash: null,
82 verbose parsed url   search: null,
82 verbose parsed url   query: null,
82 verbose parsed url   pathname: 'should@^7.1.0',
82 verbose parsed url   path: 'should@^7.1.0',
82 verbose parsed url   href: 'should@^7.1.0' }
83 verbose cache add name="mocha" spec="^2.3.3" args=["mocha","^2.3.3"]
84 verbose parsed url { protocol: null,
84 verbose parsed url   slashes: null,
84 verbose parsed url   auth: null,
84 verbose parsed url   host: null,
84 verbose parsed url   port: null,
84 verbose parsed url   hostname: null,
84 verbose parsed url   hash: null,
84 verbose parsed url   search: null,
84 verbose parsed url   query: null,
84 verbose parsed url   pathname: '^2.3.3',
84 verbose parsed url   path: '^2.3.3',
84 verbose parsed url   href: '^2.3.3' }
85 verbose addNamed [ 'mocha', '^2.3.3' ]
86 verbose addNamed [ null, '>=2.3.3-0 <3.0.0-0' ]
87 silly lockFile 269a5e08-mocha-2-3-3 mocha@^2.3.3
88 verbose lock mocha@^2.3.3 /Users/mjsalinger/.npm/269a5e08-mocha-2-3-3.lock
89 silly addNameRange { name: 'bluebird', range: '>=3.0.5-0 <4.0.0-0', hasData: false }
90 silly addNameRange { name: 'express', range: '>=4.13.3-0 <5.0.0-0', hasData: false }
91 info addNameTag [ 'oauth2-server', 'oauth2-server' ]
92 verbose cache add [ 'sinon@^1.14.1', null ]
93 verbose cache add name=undefined spec="sinon@^1.14.1" args=["sinon@^1.14.1",null]
94 verbose parsed url { protocol: null,
94 verbose parsed url   slashes: null,
94 verbose parsed url   auth: null,
94 verbose parsed url   host: null,
94 verbose parsed url   port: null,
94 verbose parsed url   hostname: null,
94 verbose parsed url   hash: null,
94 verbose parsed url   search: null,
94 verbose parsed url   query: null,
94 verbose parsed url   pathname: 'sinon@^1.14.1',
94 verbose parsed url   path: 'sinon@^1.14.1',
94 verbose parsed url   href: 'sinon@^1.14.1' }
95 verbose cache add [ 'supertest@^0.15.0', null ]
96 verbose cache add name=undefined spec="supertest@^0.15.0" args=["supertest@^0.15.0",null]
97 verbose parsed url { protocol: null,
97 verbose parsed url   slashes: null,
97 verbose parsed url   auth: null,
97 verbose parsed url   host: null,
97 verbose parsed url   port: null,
97 verbose parsed url   hostname: null,
97 verbose parsed url   hash: null,
97 verbose parsed url   search: null,
97 verbose parsed url   query: null,
97 verbose parsed url   pathname: 'supertest@^0.15.0',
97 verbose parsed url   path: 'supertest@^0.15.0',
97 verbose parsed url   href: 'supertest@^0.15.0' }
98 verbose cache add name="should" spec="^7.1.0" args=["should","^7.1.0"]
99 verbose parsed url { protocol: null,
99 verbose parsed url   slashes: null,
99 verbose parsed url   auth: null,
99 verbose parsed url   host: null,
99 verbose parsed url   port: null,
99 verbose parsed url   hostname: null,
99 verbose parsed url   hash: null,
99 verbose parsed url   search: null,
99 verbose parsed url   query: null,
99 verbose parsed url   pathname: '^7.1.0',
99 verbose parsed url   path: '^7.1.0',
99 verbose parsed url   href: '^7.1.0' }
100 verbose addNamed [ 'should', '^7.1.0' ]
101 verbose addNamed [ null, '>=7.1.0-0 <8.0.0-0' ]
102 silly lockFile 802a025e-should-7-1-0 should@^7.1.0
103 verbose lock should@^7.1.0 /Users/mjsalinger/.npm/802a025e-should-7-1-0.lock
104 silly addNameRange { name: 'thenify', range: '>=3.0.0-0 <4.0.0-0', hasData: false }
105 silly addNameRange { name: 'body-parser',
105 silly addNameRange   range: '>=1.14.1-0 <2.0.0-0',
105 silly addNameRange   hasData: false }
106 silly addNameRange { name: 'jshint', range: '>=2.8.0-0 <3.0.0-0', hasData: false }
107 verbose cache add name="sinon" spec="^1.14.1" args=["sinon","^1.14.1"]
108 verbose parsed url { protocol: null,
108 verbose parsed url   slashes: null,
108 verbose parsed url   auth: null,
108 verbose parsed url   host: null,
108 verbose parsed url   port: null,
108 verbose parsed url   hostname: null,
108 verbose parsed url   hash: null,
108 verbose parsed url   search: null,
108 verbose parsed url   query: null,
108 verbose parsed url   pathname: '^1.14.1',
108 verbose parsed url   path: '^1.14.1',
108 verbose parsed url   href: '^1.14.1' }
109 verbose addNamed [ 'sinon', '^1.14.1' ]
110 verbose addNamed [ null, '>=1.14.1-0 <2.0.0-0' ]
111 silly lockFile badb42da-sinon-1-14-1 sinon@^1.14.1
112 verbose lock sinon@^1.14.1 /Users/mjsalinger/.npm/badb42da-sinon-1-14-1.lock
113 verbose cache add name="supertest" spec="^0.15.0" args=["supertest","^0.15.0"]
114 verbose parsed url { protocol: null,
114 verbose parsed url   slashes: null,
114 verbose parsed url   auth: null,
114 verbose parsed url   host: null,
114 verbose parsed url   port: null,
114 verbose parsed url   hostname: null,
114 verbose parsed url   hash: null,
114 verbose parsed url   search: null,
114 verbose parsed url   query: null,
114 verbose parsed url   pathname: '^0.15.0',
114 verbose parsed url   path: '^0.15.0',
114 verbose parsed url   href: '^0.15.0' }
115 verbose addNamed [ 'supertest', '^0.15.0' ]
116 verbose addNamed [ null, '>=0.15.0-0 <0.16.0-0' ]
117 silly lockFile 8a95b531-supertest-0-15-0 supertest@^0.15.0
118 verbose lock supertest@^0.15.0 /Users/mjsalinger/.npm/8a95b531-supertest-0-15-0.lock
119 silly addNameRange { name: 'mocha', range: '>=2.3.3-0 <3.0.0-0', hasData: false }
120 silly addNameRange { name: 'should', range: '>=7.1.0-0 <8.0.0-0', hasData: false }
121 silly addNameRange { name: 'sinon', range: '>=1.14.1-0 <2.0.0-0', hasData: false }
122 silly addNameRange { name: 'supertest',
122 silly addNameRange   range: '>=0.15.0-0 <0.16.0-0',
122 silly addNameRange   hasData: false }
123 verbose request where is /oauth2-server
124 verbose request registry https://registry.npmjs.org/
125 verbose request id 3ca68f37b0a4620a
126 verbose url raw /oauth2-server
127 verbose url resolving [ 'https://registry.npmjs.org/', './oauth2-server' ]
128 verbose url resolved https://registry.npmjs.org/oauth2-server
129 verbose request where is https://registry.npmjs.org/oauth2-server
130 info trying registry request attempt 1 at 17:24:45
131 verbose etag "DCR0ZU9HO2DA3UXY4BOWB406U"
132 http GET https://registry.npmjs.org/oauth2-server
133 verbose request where is /bluebird
134 verbose request registry https://registry.npmjs.org/
135 verbose url raw /bluebird
136 verbose url resolving [ 'https://registry.npmjs.org/', './bluebird' ]
137 verbose url resolved https://registry.npmjs.org/bluebird
138 verbose request where is https://registry.npmjs.org/bluebird
139 info trying registry request attempt 1 at 17:24:45
140 verbose etag "N00G1RKIWF99XH8397XEBNZ9"
141 http GET https://registry.npmjs.org/bluebird
142 verbose request where is /thenify
143 verbose request registry https://registry.npmjs.org/
144 verbose url raw /thenify
145 verbose url resolving [ 'https://registry.npmjs.org/', './thenify' ]
146 verbose url resolved https://registry.npmjs.org/thenify
147 verbose request where is https://registry.npmjs.org/thenify
148 info trying registry request attempt 1 at 17:24:45
149 verbose etag "CC20YFT77WDZU3LXXWTJBCM6T"
150 http GET https://registry.npmjs.org/thenify
151 verbose request where is /express
152 verbose request registry https://registry.npmjs.org/
153 verbose url raw /express
154 verbose url resolving [ 'https://registry.npmjs.org/', './express' ]
155 verbose url resolved https://registry.npmjs.org/express
156 verbose request where is https://registry.npmjs.org/express
157 info trying registry request attempt 1 at 17:24:45
158 verbose etag "AVMAKEXRR9Z1KMVX8LEKGWOAQ"
159 http GET https://registry.npmjs.org/express
160 verbose request where is /body-parser
161 verbose request registry https://registry.npmjs.org/
162 verbose url raw /body-parser
163 verbose url resolving [ 'https://registry.npmjs.org/', './body-parser' ]
164 verbose url resolved https://registry.npmjs.org/body-parser
165 verbose request where is https://registry.npmjs.org/body-parser
166 info trying registry request attempt 1 at 17:24:45
167 verbose etag "DOQ66UNMBXFIQD963GKS22EI7"
168 http GET https://registry.npmjs.org/body-parser
169 verbose request where is /jshint
170 verbose request registry https://registry.npmjs.org/
171 verbose url raw /jshint
172 verbose url resolving [ 'https://registry.npmjs.org/', './jshint' ]
173 verbose url resolved https://registry.npmjs.org/jshint
174 verbose request where is https://registry.npmjs.org/jshint
175 info trying registry request attempt 1 at 17:24:45
176 verbose etag "8HRN9P4ZVN15EZ4CYLNJ7953Q"
177 http GET https://registry.npmjs.org/jshint
178 verbose request where is /mocha
179 verbose request registry https://registry.npmjs.org/
180 verbose url raw /mocha
181 verbose url resolving [ 'https://registry.npmjs.org/', './mocha' ]
182 verbose url resolved https://registry.npmjs.org/mocha
183 verbose request where is https://registry.npmjs.org/mocha
184 info trying registry request attempt 1 at 17:24:45
185 verbose etag "6EU1DUS35VZWSJKTPRBRD1ZE1"
186 http GET https://registry.npmjs.org/mocha
187 verbose request where is /should
188 verbose request registry https://registry.npmjs.org/
189 verbose url raw /should
190 verbose url resolving [ 'https://registry.npmjs.org/', './should' ]
191 verbose url resolved https://registry.npmjs.org/should
192 verbose request where is https://registry.npmjs.org/should
193 info trying registry request attempt 1 at 17:24:45
194 verbose etag "B263ANB97N7YBSX0GTN7VNBUF"
195 http GET https://registry.npmjs.org/should
196 verbose request where is /sinon
197 verbose request registry https://registry.npmjs.org/
198 verbose url raw /sinon
199 verbose url resolving [ 'https://registry.npmjs.org/', './sinon' ]
200 verbose url resolved https://registry.npmjs.org/sinon
201 verbose request where is https://registry.npmjs.org/sinon
202 info trying registry request attempt 1 at 17:24:45
203 verbose etag "BLEXUBORWRMZF4GDCTOP6DECI"
204 http GET https://registry.npmjs.org/sinon
205 verbose request where is /supertest
206 verbose request registry https://registry.npmjs.org/
207 verbose url raw /supertest
208 verbose url resolving [ 'https://registry.npmjs.org/', './supertest' ]
209 verbose url resolved https://registry.npmjs.org/supertest
210 verbose request where is https://registry.npmjs.org/supertest
211 info trying registry request attempt 1 at 17:24:45
212 verbose etag "LCP02MJPVV7VH7LG3T0UCVDP"
213 http GET https://registry.npmjs.org/supertest
214 http 304 https://registry.npmjs.org/oauth2-server
215 silly registry.get cb [ 304,
215 silly registry.get   { date: 'Thu, 03 Mar 2016 22:24:45 GMT',
215 silly registry.get     via: '1.1 varnish',
215 silly registry.get     'cache-control': 'max-age=300',
215 silly registry.get     etag: '"DCR0ZU9HO2DA3UXY4BOWB406U"',
215 silly registry.get     age: '259',
215 silly registry.get     connection: 'keep-alive',
215 silly registry.get     'x-served-by': 'cache-atl6230-ATL',
215 silly registry.get     'x-cache': 'HIT',
215 silly registry.get     'x-cache-hits': '1',
215 silly registry.get     'x-timer': 'S1457043885.348769,VS0,VE0',
215 silly registry.get     vary: 'Accept' } ]
216 verbose etag https://registry.npmjs.org/oauth2-server from cache
217 http 304 https://registry.npmjs.org/bluebird
218 silly registry.get cb [ 304,
218 silly registry.get   { date: 'Thu, 03 Mar 2016 22:24:45 GMT',
218 silly registry.get     via: '1.1 varnish',
218 silly registry.get     'cache-control': 'max-age=300',
218 silly registry.get     etag: '"N00G1RKIWF99XH8397XEBNZ9"',
218 silly registry.get     age: '197',
218 silly registry.get     connection: 'keep-alive',
218 silly registry.get     'x-served-by': 'cache-atl6248-ATL',
218 silly registry.get     'x-cache': 'HIT',
218 silly registry.get     'x-cache-hits': '9',
218 silly registry.get     'x-timer': 'S1457043885.354677,VS0,VE0',
218 silly registry.get     vary: 'Accept' } ]
219 verbose etag https://registry.npmjs.org/bluebird from cache
220 http 304 https://registry.npmjs.org/express
221 silly registry.get cb [ 304,
221 silly registry.get   { date: 'Thu, 03 Mar 2016 22:24:45 GMT',
221 silly registry.get     via: '1.1 varnish',
221 silly registry.get     'cache-control': 'max-age=300',
221 silly registry.get     etag: '"AVMAKEXRR9Z1KMVX8LEKGWOAQ"',
221 silly registry.get     age: '282',
221 silly registry.get     connection: 'keep-alive',
221 silly registry.get     'x-served-by': 'cache-atl6246-ATL',
221 silly registry.get     'x-cache': 'HIT',
221 silly registry.get     'x-cache-hits': '4',
221 silly registry.get     'x-timer': 'S1457043885.366664,VS0,VE0',
221 silly registry.get     vary: 'Accept' } ]
222 verbose etag https://registry.npmjs.org/express from cache
223 http 304 https://registry.npmjs.org/thenify
224 silly registry.get cb [ 304,
224 silly registry.get   { date: 'Thu, 03 Mar 2016 22:24:45 GMT',
224 silly registry.get     via: '1.1 varnish',
224 silly registry.get     'cache-control': 'max-age=300',
224 silly registry.get     etag: '"CC20YFT77WDZU3LXXWTJBCM6T"',
224 silly registry.get     age: '109',
224 silly registry.get     connection: 'keep-alive',
224 silly registry.get     'x-served-by': 'cache-atl6221-ATL',
224 silly registry.get     'x-cache': 'HIT',
224 silly registry.get     'x-cache-hits': '1',
224 silly registry.get     'x-timer': 'S1457043885.374825,VS0,VE0',
224 silly registry.get     vary: 'Accept' } ]
225 verbose etag https://registry.npmjs.org/thenify from cache
226 silly lockFile 11238f0e-oauth2-server-oauth2-server oauth2-server@oauth2-server
227 silly lockFile 11238f0e-oauth2-server-oauth2-server oauth2-server@oauth2-server
228 silly addNameRange number 2 { name: 'bluebird', range: '>=3.0.5-0 <4.0.0-0', hasData: true }
229 silly addNameRange versions [ 'bluebird',
229 silly addNameRange   [ '0.7.1-1',
229 silly addNameRange     '0.7.1-2',
229 silly addNameRange     '0.7.1-3',
229 silly addNameRange     '0.7.1-4',
229 silly addNameRange     '0.7.1-5',
229 silly addNameRange     '0.7.2-0',
229 silly addNameRange     '0.7.3-0',
229 silly addNameRange     '0.7.4-0',
229 silly addNameRange     '0.7.4-1',
229 silly addNameRange     '0.7.5-0',
229 silly addNameRange     '0.7.6-0',
229 silly addNameRange     '0.7.7-0',
229 silly addNameRange     '0.7.7-1',
229 silly addNameRange     '0.7.8-0',
229 silly addNameRange     '0.7.8-1',
229 silly addNameRange     '0.7.9-0',
229 silly addNameRange     '0.7.9-1',
229 silly addNameRange     '0.7.10-0',
229 silly addNameRange     '0.7.10-1',
229 silly addNameRange     '0.7.11-0',
229 silly addNameRange     '0.7.12-0',
229 silly addNameRange     '0.7.12-1',
229 silly addNameRange     '0.7.12-2',
229 silly addNameRange     '0.8.0-0',
229 silly addNameRange     '0.8.0-1',
229 silly addNameRange     '0.8.0-2',
229 silly addNameRange     '0.8.0-3',
229 silly addNameRange     '0.8.1-0',
229 silly addNameRange     '0.8.2-0',
229 silly addNameRange     '0.8.2-1',
229 silly addNameRange     '0.8.2-2',
229 silly addNameRange     '0.8.3-0',
229 silly addNameRange     '0.8.3-1',
229 silly addNameRange     '0.8.3-2',
229 silly addNameRange     '0.8.3-3',
229 silly addNameRange     '0.8.4-0',
229 silly addNameRange     '0.8.4-1',
229 silly addNameRange     '0.8.5-0',
229 silly addNameRange     '0.8.5-1',
229 silly addNameRange     '0.9.0-0',
229 silly addNameRange     '0.9.1-0',
229 silly addNameRange     '0.9.1-1',
229 silly addNameRange     '0.9.2-0',
229 silly addNameRange     '0.9.2-1',
229 silly addNameRange     '0.9.3-0',
229 silly addNameRange     '0.9.4-0',
229 silly addNameRange     '0.9.4-1',
229 silly addNameRange     '0.9.5-0',
229 silly addNameRange     '0.9.6-0',
229 silly addNameRange     '0.9.7-0',
229 silly addNameRange     '0.9.8-0',
229 silly addNameRange     '0.9.9-0',
229 silly addNameRange     '0.9.10-0',
229 silly addNameRange     '0.9.10-1',
229 silly addNameRange     '0.9.11-0',
229 silly addNameRange     '0.9.11-1',
229 silly addNameRange     '0.10.0-0',
229 silly addNameRange     '0.10.0-1',
229 silly addNameRange     '0.10.1-0',
229 silly addNameRange     '0.10.2-0',
229 silly addNameRange     '0.10.2-1',
229 silly addNameRange     '0.10.3-0',
229 silly addNameRange     '0.10.4-0',
229 silly addNameRange     '0.10.4-1',
229 silly addNameRange     '0.10.5-0',
229 silly addNameRange     '0.10.6-0',
229 silly addNameRange     '0.10.7-0',
229 silly addNameRange     '0.10.8-0',
229 silly addNameRange     '0.10.9-0',
229 silly addNameRange     '0.10.9-1',
229 silly addNameRange     '0.10.10-0',
229 silly addNameRange     '0.10.11-0',
229 silly addNameRange     '0.10.11-1',
229 silly addNameRange     '0.10.11-2',
229 silly addNameRange     '0.10.11-4',
229 silly addNameRange     '0.10.12-0',
229 silly addNameRange     '0.10.13-0',
229 silly addNameRange     '0.10.13-1',
229 silly addNameRange     '0.10.14-0',
229 silly addNameRange     '0.11.0-0',
229 silly addNameRange     '0.11.1-0',
229 silly addNameRange     '0.11.2-0',
229 silly addNameRange     '0.11.3-0',
229 silly addNameRange     '0.11.4-0',
229 silly addNameRange     '0.11.4-1',
229 silly addNameRange     '0.11.5-0',
229 silly addNameRange     '0.11.5-1',
229 silly addNameRange     '0.11.6-0',
229 silly addNameRange     '1.0.0',
229 silly addNameRange     '1.0.1',
229 silly addNameRange     '1.0.2',
229 silly addNameRange     '1.0.3',
229 silly addNameRange     '1.0.4',
229 silly addNameRange     '1.0.5',
229 silly addNameRange     '1.0.7',
229 silly addNameRange     '1.0.8',
229 silly addNameRange     '1.1.0',
229 silly addNameRange     '1.1.1',
229 silly addNameRange     '1.2.0',
229 silly addNameRange     '1.2.1',
229 silly addNameRange     '1.2.2',
229 silly addNameRange     '1.2.3',
229 silly addNameRange     '1.2.4',
229 silly addNameRange     '2.0.2',
229 silly addNameRange     '2.0.3',
229 silly addNameRange     '2.0.4',
229 silly addNameRange     '2.0.5',
229 silly addNameRange     '2.0.6',
229 silly addNameRange     '2.0.7',
229 silly addNameRange     '2.1.1',
229 silly addNameRange     '2.1.2',
229 silly addNameRange     '2.1.3',
229 silly addNameRange     '2.2.0',
229 silly addNameRange     '2.2.1',
229 silly addNameRange     '2.2.2',
229 silly addNameRange     '2.3.0',
229 silly addNameRange     '2.3.1',
229 silly addNameRange     '2.3.2',
229 silly addNameRange     '2.3.3',
229 silly addNameRange     '2.3.4',
229 silly addNameRange     '2.3.5',
229 silly addNameRange     '0.11.6',
229 silly addNameRange     '2.3.6',
229 silly addNameRange     '2.3.9',
229 silly addNameRange     '2.3.10',
229 silly addNameRange     '2.3.11',
229 silly addNameRange     '2.4.0',
229 silly addNameRange     '2.4.1',
229 silly addNameRange     '2.4.2',
229 silly addNameRange     '2.4.3',
229 silly addNameRange     '2.5.0',
229 silly addNameRange     '2.5.1',
229 silly addNameRange     '2.5.2',
229 silly addNameRange     '2.5.3',
229 silly addNameRange     '2.6.0',
229 silly addNameRange     '2.6.1',
229 silly addNameRange     '2.6.2',
229 silly addNameRange     '2.6.3',
229 silly addNameRange     '2.6.4',
229 silly addNameRange     '2.7.0',
229 silly addNameRange     '2.7.1',
229 silly addNameRange     '2.8.0',
229 silly addNameRange     '2.8.1',
229 silly addNameRange     '2.8.2',
229 silly addNameRange     '2.9.0',
229 silly addNameRange     '2.9.1',
229 silly addNameRange     '2.9.2',
229 silly addNameRange     '2.9.3',
229 silly addNameRange     '2.9.4',
229 silly addNameRange     '2.9.5',
229 silly addNameRange     '2.9.6',
229 silly addNameRange     '2.9.7',
229 silly addNameRange     '2.9.8',
229 silly addNameRange     '2.9.9',
229 silly addNameRange     '2.9.10',
229 silly addNameRange     '2.9.11',
229 silly addNameRange     '2.9.12',
229 silly addNameRange     '2.9.13',
229 silly addNameRange     '2.9.14',
229 silly addNameRange     '2.9.15',
229 silly addNameRange     '2.9.16',
229 silly addNameRange     '2.9.17',
229 silly addNameRange     '2.9.18',
229 silly addNameRange     '2.9.19',
229 silly addNameRange     '2.9.20',
229 silly addNameRange     '2.9.21',
229 silly addNameRange     '2.9.22',
229 silly addNameRange     '2.9.23',
229 silly addNameRange     '2.9.24',
229 silly addNameRange     '2.9.25',
229 silly addNameRange     '2.9.26',
229 silly addNameRange     '2.9.27',
229 silly addNameRange     '2.9.28',
229 silly addNameRange     '2.9.29',
229 silly addNameRange     '2.9.30',
229 silly addNameRange     '2.9.31',
229 silly addNameRange     '2.9.32',
229 silly addNameRange     '2.9.33',
229 silly addNameRange     '2.9.34',
229 silly addNameRange     '2.10.0',
229 silly addNameRange     '2.10.1',
229 silly addNameRange     '2.10.2',
229 silly addNameRange     '3.0.0',
229 silly addNameRange     '3.0.1',
229 silly addNameRange     '3.0.2',
229 silly addNameRange     '3.0.3',
229 silly addNameRange     '3.0.4',
229 silly addNameRange     '3.0.5',
229 silly addNameRange     '3.0.6',
229 silly addNameRange     '3.1.0',
229 silly addNameRange     '3.1.1',
229 silly addNameRange     '3.1.2',
229 silly addNameRange     '3.1.3',
229 silly addNameRange     '3.1.4',
229 silly addNameRange     '3.1.5',
229 silly addNameRange     '3.2.0',
229 silly addNameRange     '3.2.1',
229 silly addNameRange     '3.2.2',
229 silly addNameRange     '3.3.0',
229 silly addNameRange     '3.3.1',
229 silly addNameRange     '3.3.2',
229 silly addNameRange     '3.3.3' ] ]
230 verbose addNamed [ 'bluebird', '3.3.3' ]
231 verbose addNamed [ '3.3.3', '3.3.3' ]
232 silly lockFile 73398baa-bluebird-3-3-3 bluebird@3.3.3
233 verbose lock bluebird@3.3.3 /Users/mjsalinger/.npm/73398baa-bluebird-3-3-3.lock
234 silly addNameRange number 2 { name: 'express', range: '>=4.13.3-0 <5.0.0-0', hasData: true }
235 silly addNameRange versions [ 'express',
235 silly addNameRange   [ '0.14.0',
235 silly addNameRange     '0.14.1',
235 silly addNameRange     '1.0.0',
235 silly addNameRange     '1.0.1',
235 silly addNameRange     '1.0.2',
235 silly addNameRange     '1.0.3',
235 silly addNameRange     '1.0.4',
235 silly addNameRange     '1.0.5',
235 silly addNameRange     '1.0.6',
235 silly addNameRange     '1.0.7',
235 silly addNameRange     '1.0.8',
235 silly addNameRange     '2.0.0',
235 silly addNameRange     '2.1.0',
235 silly addNameRange     '2.1.1',
235 silly addNameRange     '2.2.0',
235 silly addNameRange     '2.2.1',
235 silly addNameRange     '2.2.2',
235 silly addNameRange     '2.3.0',
235 silly addNameRange     '2.3.1',
235 silly addNameRange     '2.3.2',
235 silly addNameRange     '2.3.3',
235 silly addNameRange     '2.3.4',
235 silly addNameRange     '2.3.5',
235 silly addNameRange     '2.3.6',
235 silly addNameRange     '2.3.7',
235 silly addNameRange     '2.3.8',
235 silly addNameRange     '2.3.9',
235 silly addNameRange     '2.3.10',
235 silly addNameRange     '2.3.11',
235 silly addNameRange     '2.3.12',
235 silly addNameRange     '2.4.0',
235 silly addNameRange     '2.4.1',
235 silly addNameRange     '2.4.2',
235 silly addNameRange     '2.4.3',
235 silly addNameRange     '2.4.4',
235 silly addNameRange     '2.4.5',
235 silly addNameRange     '2.4.6',
235 silly addNameRange     '2.4.7',
235 silly addNameRange     '2.5.0',
235 silly addNameRange     '2.5.1',
235 silly addNameRange     '2.5.2',
235 silly addNameRange     '2.5.3',
235 silly addNameRange     '2.5.4',
235 silly addNameRange     '2.5.5',
235 silly addNameRange     '2.5.6',
235 silly addNameRange     '2.5.7',
235 silly addNameRange     '2.5.8',
235 silly addNameRange     '2.5.9',
235 silly addNameRange     '2.5.10',
235 silly addNameRange     '2.5.11',
235 silly addNameRange     '3.0.0',
235 silly addNameRange     '3.0.1',
235 silly addNameRange     '3.0.2',
235 silly addNameRange     '3.0.3',
235 silly addNameRange     '3.0.4',
235 silly addNameRange     '3.0.5',
235 silly addNameRange     '3.0.6',
235 silly addNameRange     '3.1.0',
235 silly addNameRange     '3.1.1',
235 silly addNameRange     '3.1.2',
235 silly addNameRange     '3.2.0',
235 silly addNameRange     '3.2.1',
235 silly addNameRange     '3.2.2',
235 silly addNameRange     '3.2.3',
235 silly addNameRange     '3.2.4',
235 silly addNameRange     '3.2.5',
235 silly addNameRange     '3.2.6',
235 silly addNameRange     '3.3.0',
235 silly addNameRange     '3.3.1',
235 silly addNameRange     '3.3.2',
235 silly addNameRange     '3.3.3',
235 silly addNameRange     '3.3.4',
235 silly addNameRange     '3.3.5',
235 silly addNameRange     '3.3.6',
235 silly addNameRange     '1.0.0-beta',
235 silly addNameRange     '1.0.0-beta2',
235 silly addNameRange     '1.0.0-rc',
235 silly addNameRange     '1.0.0-rc2',
235 silly addNameRange     '1.0.0-rc3',
235 silly addNameRange     '1.0.0-rc4',
235 silly addNameRange     '2.0.0-beta',
235 silly addNameRange     '2.0.0-beta2',
235 silly addNameRange     '2.0.0-beta3',
235 silly addNameRange     '2.0.0-rc',
235 silly addNameRange     '2.0.0-rc2',
235 silly addNameRange     '2.0.0-rc3',
235 silly addNameRange     '3.0.0-alpha1',
235 silly addNameRange     '3.0.0-alpha2',
235 silly addNameRange     '3.0.0-alpha3',
235 silly addNameRange     '3.0.0-alpha4',
235 silly addNameRange     '3.0.0-alpha5',
235 silly addNameRange     '3.0.0-beta1',
235 silly addNameRange     '3.0.0-beta2',
235 silly addNameRange     '3.0.0-beta3',
235 silly addNameRange     '3.0.0-beta4',
235 silly addNameRange     '3.0.0-beta6',
235 silly addNameRange     '3.0.0-beta7',
235 silly addNameRange     '3.0.0-rc1',
235 silly addNameRange     '3.0.0-rc2',
235 silly addNameRange     '3.0.0-rc3',
235 silly addNameRange     '3.0.0-rc4',
235 silly addNameRange     '3.0.0-rc5',
235 silly addNameRange     '3.3.7',
235 silly addNameRange     '3.3.8',
235 silly addNameRange     '3.4.0',
235 silly addNameRange     '3.4.1',
235 silly addNameRange     '3.4.2',
235 silly addNameRange     '3.4.3',
235 silly addNameRange     '3.4.4',
235 silly addNameRange     '3.4.5',
235 silly addNameRange     '3.4.6',
235 silly addNameRange     '3.4.7',
235 silly addNameRange     '3.4.8',
235 silly addNameRange     '4.0.0-rc1',
235 silly addNameRange     '4.0.0-rc2',
235 silly addNameRange     '3.5.0',
235 silly addNameRange     '4.0.0-rc3',
235 silly addNameRange     '4.0.0-rc4',
235 silly addNameRange     '3.5.1',
235 silly addNameRange     '4.0.0',
235 silly addNameRange     '3.5.2',
235 silly addNameRange     '4.1.0',
235 silly addNameRange     '4.1.1',
235 silly addNameRange     '3.5.3',
235 silly addNameRange     '4.1.2',
235 silly addNameRange     '3.6.0',
235 silly addNameRange     '4.2.0',
235 silly addNameRange     '3.7.0',
235 silly addNameRange     '3.8.0',
235 silly addNameRange     '4.3.0',
235 silly addNameRange     '4.3.1',
235 silly addNameRange     '3.8.1',
235 silly addNameRange     '4.3.2',
235 silly addNameRange     '3.9.0',
235 silly addNameRange     '4.4.0',
235 silly addNameRange     '4.4.1',
235 silly addNameRange     '3.10.0',
235 silly addNameRange     '3.10.1',
235 silly addNameRange     '3.10.2',
235 silly addNameRange     '3.10.3',
235 silly addNameRange     '3.10.4',
235 silly addNameRange     '4.4.2',
235 silly addNameRange     '3.10.5',
235 silly addNameRange     '4.4.3',
235 silly addNameRange     '3.11.0',
235 silly addNameRange     '4.4.4',
235 silly addNameRange     '3.12.0',
235 silly addNameRange     '3.12.1',
235 silly addNameRange     '4.4.5',
235 silly addNameRange     '3.13.0',
235 silly addNameRange     '4.5.0',
235 silly addNameRange     '4.5.1',
235 silly addNameRange     '3.14.0',
235 silly addNameRange     '4.6.0',
235 silly addNameRange     '4.6.1',
235 silly addNameRange     '3.15.0',
235 silly addNameRange     '4.7.0',
235 silly addNameRange     '3.15.1',
235 silly addNameRange     '4.7.1',
235 silly addNameRange     '3.15.2',
235 silly addNameRange     '4.7.2',
235 silly addNameRange     '4.7.3',
235 silly addNameRange     '3.15.3',
235 silly addNameRange     '4.7.4',
235 silly addNameRange     '3.16.0',
235 silly addNameRange     '4.8.0',
235 silly addNameRange     '3.16.1',
235 silly addNameRange     '4.8.1',
235 silly addNameRange     '3.16.2',
235 silly addNameRange     '4.8.2',
235 silly addNameRange     '3.16.3',
235 silly addNameRange     '3.16.4',
235 silly addNameRange     '4.8.3',
235 silly addNameRange     '3.16.5',
235 silly addNameRange     '3.16.6',
235 silly addNameRange     '4.8.4',
235 silly addNameRange     '3.16.7',
235 silly addNameRange     '4.8.5',
235 silly addNameRange     '3.16.8',
235 silly addNameRange     '4.8.6',
235 silly addNameRange     '3.16.9',
235 silly addNameRange     '4.8.7',
235 silly addNameRange     '3.16.10',
235 silly addNameRange     '4.8.8',
235 silly addNameRange     '3.17.0',
235 silly addNameRange     '3.17.1',
235 silly addNameRange     '4.9.0',
235 silly addNameRange     '3.17.2',
235 silly addNameRange     '4.9.1',
235 silly addNameRange     '4.9.2',
235 silly addNameRange     '3.17.3',
235 silly addNameRange     '4.9.3',
235 silly addNameRange     '3.17.4',
235 silly addNameRange     '4.9.4',
235 silly addNameRange     '3.17.5',
235 silly addNameRange     '4.9.5',
235 silly addNameRange     '3.17.6',
235 silly addNameRange     '3.17.7',
235 silly addNameRange     '4.9.6',
235 silly addNameRange     '4.9.7',
235 silly addNameRange     '3.17.8',
235 silly addNameRange     '4.9.8',
235 silly addNameRange     '3.18.0',
235 silly addNameRange     '3.18.1',
235 silly addNameRange     '4.10.0',
235 silly addNameRange     '3.18.2',
235 silly addNameRange     '4.10.1',
235 silly addNameRange     '5.0.0-alpha.1',
235 silly addNameRange     '3.18.3',
235 silly addNameRange     '4.10.2',
235 silly addNameRange     '3.18.4',
235 silly addNameRange     '4.10.3',
235 silly addNameRange     '4.10.4',
235 silly addNameRange     '4.10.5',
235 silly addNameRange     '3.18.5',
235 silly addNameRange     '3.18.6',
235 silly addNameRange     '4.10.6',
235 silly addNameRange     '4.10.7',
235 silly addNameRange     '3.19.0',
235 silly addNameRange     '4.10.8',
235 silly addNameRange     '4.11.0',
235 silly addNameRange     '3.19.1',
235 silly addNameRange     '4.11.1',
235 silly addNameRange     '3.19.2',
235 silly addNameRange     '4.11.2',
235 silly addNameRange     '3.20.0',
235 silly addNameRange     '4.12.0',
235 silly addNameRange     '3.20.1',
235 silly addNameRange     '4.12.1',
235 silly addNameRange     '4.12.2',
235 silly addNameRange     '3.20.2',
235 silly addNameRange     '4.12.3',
235 silly addNameRange     '3.20.3',
235 silly addNameRange     '4.12.4',
235 silly addNameRange     '3.21.0',
235 silly addNameRange     '4.13.0',
235 silly addNameRange     '3.21.1',
235 silly addNameRange     '4.13.1',
235 silly addNameRange     '5.0.0-alpha.2',
235 silly addNameRange     '3.21.2',
235 silly addNameRange     '4.13.2',
235 silly addNameRange     '4.13.3',
235 silly addNameRange     '4.13.4' ] ]
236 verbose addNamed [ 'express', '4.13.4' ]
237 verbose addNamed [ '4.13.4', '4.13.4' ]
238 silly lockFile 23607823-express-4-13-4 express@4.13.4
239 verbose lock express@4.13.4 /Users/mjsalinger/.npm/23607823-express-4-13-4.lock
240 silly addNameRange number 2 { name: 'thenify', range: '>=3.0.0-0 <4.0.0-0', hasData: true }
241 silly addNameRange versions [ 'thenify',
241 silly addNameRange   [ '1.0.0', '2.0.0', '3.0.0', '3.1.0', '3.1.1', '3.2.0' ] ]
242 verbose addNamed [ 'thenify', '3.2.0' ]
243 verbose addNamed [ '3.2.0', '3.2.0' ]
244 silly lockFile 7669413a-thenify-3-2-0 thenify@3.2.0
245 verbose lock thenify@3.2.0 /Users/mjsalinger/.npm/7669413a-thenify-3-2-0.lock
246 silly lockFile 73398baa-bluebird-3-3-3 bluebird@3.3.3
247 silly lockFile 73398baa-bluebird-3-3-3 bluebird@3.3.3
248 silly lockFile 7669413a-thenify-3-2-0 thenify@3.2.0
249 silly lockFile 7669413a-thenify-3-2-0 thenify@3.2.0
250 silly lockFile 23607823-express-4-13-4 express@4.13.4
251 silly lockFile 23607823-express-4-13-4 express@4.13.4
252 silly lockFile b6975983-bluebird-3-0-5 bluebird@^3.0.5
253 silly lockFile b6975983-bluebird-3-0-5 bluebird@^3.0.5
254 silly lockFile 2d83978f-thenify-3-0-0 thenify@^3.0.0
255 silly lockFile 2d83978f-thenify-3-0-0 thenify@^3.0.0
256 silly lockFile 9c28b82e-express-4-13-3 express@^4.13.3
257 silly lockFile 9c28b82e-express-4-13-3 express@^4.13.3
258 http 304 https://registry.npmjs.org/mocha
259 silly registry.get cb [ 304,
259 silly registry.get   { date: 'Thu, 03 Mar 2016 22:24:45 GMT',
259 silly registry.get     via: '1.1 varnish',
259 silly registry.get     'cache-control': 'max-age=300',
259 silly registry.get     etag: '"6EU1DUS35VZWSJKTPRBRD1ZE1"',
259 silly registry.get     age: '50',
259 silly registry.get     connection: 'keep-alive',
259 silly registry.get     'x-served-by': 'cache-atl6248-ATL',
259 silly registry.get     'x-cache': 'HIT',
259 silly registry.get     'x-cache-hits': '3',
259 silly registry.get     'x-timer': 'S1457043885.412325,VS0,VE0',
259 silly registry.get     vary: 'Accept' } ]
260 verbose etag https://registry.npmjs.org/mocha from cache
261 silly addNameRange number 2 { name: 'mocha', range: '>=2.3.3-0 <3.0.0-0', hasData: true }
262 silly addNameRange versions [ 'mocha',
262 silly addNameRange   [ '0.0.1-alpha1',
262 silly addNameRange     '0.0.1-alpha2',
262 silly addNameRange     '0.0.1-alpha3',
262 silly addNameRange     '0.0.1-alpha4',
262 silly addNameRange     '0.0.1-alpha5',
262 silly addNameRange     '0.0.1-alpha6',
262 silly addNameRange     '0.0.1',
262 silly addNameRange     '0.0.2',
262 silly addNameRange     '0.0.3',
262 silly addNameRange     '0.0.4',
262 silly addNameRange     '0.0.5',
262 silly addNameRange     '0.0.6',
262 silly addNameRange     '0.0.7',
262 silly addNameRange     '0.0.8',
262 silly addNameRange     '0.1.0',
262 silly addNameRange     '0.2.0',
262 silly addNameRange     '0.3.0',
262 silly addNameRange     '0.3.1',
262 silly addNameRange     '0.3.2',
262 silly addNameRange     '0.3.3',
262 silly addNameRange     '0.3.4',
262 silly addNameRange     '0.3.6',
262 silly addNameRange     '0.4.0',
262 silly addNameRange     '0.5.0',
262 silly addNameRange     '0.6.0',
262 silly addNameRange     '0.7.0',
262 silly addNameRange     '0.7.1',
262 silly addNameRange     '0.8.0',
262 silly addNameRange     '0.8.1',
262 silly addNameRange     '0.9.0',
262 silly addNameRange     '0.10.0',
262 silly addNameRange     '0.10.1',
262 silly addNameRange     '0.10.2',
262 silly addNameRange     '0.11.0',
262 silly addNameRange     '0.12.0',
262 silly addNameRange     '0.12.1',
262 silly addNameRange     '0.13.0',
262 silly addNameRange     '0.14.0',
262 silly addNameRange     '0.14.1',
262 silly addNameRange     '1.0.0',
262 silly addNameRange     '1.0.1',
262 silly addNameRange     '1.0.2',
262 silly addNameRange     '1.0.3',
262 silly addNameRange     '1.1.0',
262 silly addNameRange     '1.2.0',
262 silly addNameRange     '1.2.1',
262 silly addNameRange     '1.2.2',
262 silly addNameRange     '1.3.0',
262 silly addNameRange     '1.3.1',
262 silly addNameRange     '1.3.2',
262 silly addNameRange     '1.4.0',
262 silly addNameRange     '1.4.1',
262 silly addNameRange     '1.4.2',
262 silly addNameRange     '1.4.3',
262 silly addNameRange     '1.5.0',
262 silly addNameRange     '1.6.0',
262 silly addNameRange     '1.7.0',
262 silly addNameRange     '1.7.1',
262 silly addNameRange     '1.7.2',
262 silly addNameRange     '1.7.3',
262 silly addNameRange     '1.7.4',
262 silly addNameRange     '1.8.0',
262 silly addNameRange     '1.8.1',
262 silly addNameRange     '1.8.2',
262 silly addNameRange     '1.9.0',
262 silly addNameRange     '1.10.0',
262 silly addNameRange     '1.11.0',
262 silly addNameRange     '1.12.0',
262 silly addNameRange     '1.12.1',
262 silly addNameRange     '1.13.0',
262 silly addNameRange     '1.14.0',
262 silly addNameRange     '1.15.0',
262 silly addNameRange     '1.15.1',
262 silly addNameRange     '1.16.0',
262 silly addNameRange     '1.16.1',
262 silly addNameRange     '1.16.2',
262 silly addNameRange     '1.17.0',
262 silly addNameRange     '1.17.1',
262 silly addNameRange     '1.18.0',
262 silly addNameRange     '1.18.1',
262 silly addNameRange     '1.18.2',
262 silly addNameRange     '1.19.0',
262 silly addNameRange     '1.20.0',
262 silly addNameRange     '1.20.1',
262 silly addNameRange     '1.21.0',
262 silly addNameRange     '1.21.1',
262 silly addNameRange     '1.21.2',
262 silly addNameRange     '1.21.3',
262 silly addNameRange     '1.21.4',
262 silly addNameRange     '1.21.5',
262 silly addNameRange     '2.0.0',
262 silly addNameRange     '2.0.1',
262 silly addNameRange     '2.1.0',
262 silly addNameRange     '2.2.0',
262 silly addNameRange     '2.2.1',
262 silly addNameRange     '2.2.3',
262 silly addNameRange     '2.2.4',
262 silly addNameRange     '2.2.5',
262 silly addNameRange     '2.3.0',
262 silly addNameRange     '2.3.1',
262 silly addNameRange     '2.3.2',
262 silly addNameRange     '2.3.3',
262 silly addNameRange     '2.3.4',
262 silly addNameRange     '2.4.1',
262 silly addNameRange     '2.4.2',
262 silly addNameRange     '2.4.3',
262 silly addNameRange     '2.4.4',
262 silly addNameRange     '2.4.5' ] ]
263 verbose addNamed [ 'mocha', '2.4.5' ]
264 verbose addNamed [ '2.4.5', '2.4.5' ]
265 silly lockFile 07a1fe27-mocha-2-4-5 mocha@2.4.5
266 verbose lock mocha@2.4.5 /Users/mjsalinger/.npm/07a1fe27-mocha-2-4-5.lock
267 silly lockFile 07a1fe27-mocha-2-4-5 mocha@2.4.5
268 silly lockFile 07a1fe27-mocha-2-4-5 mocha@2.4.5
269 silly lockFile 269a5e08-mocha-2-3-3 mocha@^2.3.3
270 silly lockFile 269a5e08-mocha-2-3-3 mocha@^2.3.3
271 http 304 https://registry.npmjs.org/should
272 silly registry.get cb [ 304,
272 silly registry.get   { date: 'Thu, 03 Mar 2016 22:24:45 GMT',
272 silly registry.get     via: '1.1 varnish',
272 silly registry.get     'cache-control': 'max-age=300',
272 silly registry.get     etag: '"B263ANB97N7YBSX0GTN7VNBUF"',
272 silly registry.get     age: '277',
272 silly registry.get     connection: 'keep-alive',
272 silly registry.get     'x-served-by': 'cache-atl6246-ATL',
272 silly registry.get     'x-cache': 'HIT',
272 silly registry.get     'x-cache-hits': '3',
272 silly registry.get     'x-timer': 'S1457043885.426785,VS0,VE0',
272 silly registry.get     vary: 'Accept' } ]
273 verbose etag https://registry.npmjs.org/should from cache
274 http 304 https://registry.npmjs.org/sinon
275 silly registry.get cb [ 304,
275 silly registry.get   { date: 'Thu, 03 Mar 2016 22:24:45 GMT',
275 silly registry.get     via: '1.1 varnish',
275 silly registry.get     'cache-control': 'max-age=300',
275 silly registry.get     etag: '"BLEXUBORWRMZF4GDCTOP6DECI"',
275 silly registry.get     age: '26',
275 silly registry.get     connection: 'keep-alive',
275 silly registry.get     'x-served-by': 'cache-atl6221-ATL',
275 silly registry.get     'x-cache': 'HIT',
275 silly registry.get     'x-cache-hits': '1',
275 silly registry.get     'x-timer': 'S1457043885.428615,VS0,VE0',
275 silly registry.get     vary: 'Accept' } ]
276 verbose etag https://registry.npmjs.org/sinon from cache
277 silly addNameRange number 2 { name: 'should', range: '>=7.1.0-0 <8.0.0-0', hasData: true }
278 silly addNameRange versions [ 'should',
278 silly addNameRange   [ '0.0.1',
278 silly addNameRange     '0.0.2',
278 silly addNameRange     '0.0.3',
278 silly addNameRange     '0.0.4',
278 silly addNameRange     '0.1.0',
278 silly addNameRange     '0.2.0',
278 silly addNameRange     '0.2.1',
278 silly addNameRange     '0.3.0',
278 silly addNameRange     '0.3.1',
278 silly addNameRange     '0.3.2',
278 silly addNameRange     '0.4.0',
278 silly addNameRange     '0.4.1',
278 silly addNameRange     '0.4.2',
278 silly addNameRange     '0.5.0',
278 silly addNameRange     '0.5.1',
278 silly addNameRange     '0.6.0',
278 silly addNameRange     '0.6.1',
278 silly addNameRange     '0.6.2',
278 silly addNameRange     '0.6.3',
278 silly addNameRange     '1.0.0',
278 silly addNameRange     '1.1.0',
278 silly addNameRange     '1.1.1',
278 silly addNameRange     '1.2.0',
278 silly addNameRange     '1.2.1',
278 silly addNameRange     '1.2.2',
278 silly addNameRange     '1.3.0',
278 silly addNameRange     '2.0.0',
278 silly addNameRange     '2.0.1',
278 silly addNameRange     '2.0.2',
278 silly addNameRange     '2.1.0',
278 silly addNameRange     '2.1.1',
278 silly addNameRange     '3.0.0',
278 silly addNameRange     '3.0.1',
278 silly addNameRange     '3.1.0',
278 silly addNameRange     '3.1.1',
278 silly addNameRange     '3.1.2',
278 silly addNameRange     '3.1.3',
278 silly addNameRange     '3.1.4',
278 silly addNameRange     '3.2.0-beta1',
278 silly addNameRange     '3.2.0',
278 silly addNameRange     '3.3.0',
278 silly addNameRange     '3.3.1',
278 silly addNameRange     '3.3.2',
278 silly addNameRange     '4.0.0',
278 silly addNameRange     '4.0.1',
278 silly addNameRange     '4.0.3',
278 silly addNameRange     '4.0.4',
278 silly addNameRange     '4.1.0',
278 silly addNameRange     '4.2.0',
278 silly addNameRange     '4.2.1',
278 silly addNameRange     '4.3.0',
278 silly addNameRange     '4.3.1',
278 silly addNameRange     '4.4.0',
278 silly addNameRange     '4.4.1',
278 silly addNameRange     '4.4.2',
278 silly addNameRange     '4.4.3',
278 silly addNameRange     '4.4.4',
278 silly addNameRange     '4.5.0',
278 silly addNameRange     '4.5.1',
278 silly addNameRange     '4.5.2',
278 silly addNameRange     '4.6.0',
278 silly addNameRange     '4.6.1',
278 silly addNameRange     '4.6.2',
278 silly addNameRange     '4.6.3',
278 silly addNameRange     '4.6.4',
278 silly addNameRange     '4.6.5',
278 silly addNameRange     '5.0.0',
278 silly addNameRange     '5.0.1',
278 silly addNameRange     '5.1.0',
278 silly addNameRange     '5.2.0',
278 silly addNameRange     '6.0.0',
278 silly addNameRange     '6.0.1',
278 silly addNameRange     '6.0.2',
278 silly addNameRange     '6.0.3',
278 silly addNameRange     '7.0.0',
278 silly addNameRange     '7.0.1',
278 silly addNameRange     '7.0.2',
278 silly addNameRange     '7.0.3',
278 silly addNameRange     '7.0.4',
278 silly addNameRange     '7.1.0',
278 silly addNameRange     '7.1.1',
278 silly addNameRange     '8.0.0',
278 silly addNameRange     '8.0.1',
278 silly addNameRange     '8.0.2',
278 silly addNameRange     '8.1.0',
278 silly addNameRange     '8.1.1',
278 silly addNameRange     '8.2.0',
278 silly addNameRange     '8.2.1',
278 silly addNameRange     '8.2.2' ] ]
279 verbose addNamed [ 'should', '7.1.1' ]
280 verbose addNamed [ '7.1.1', '7.1.1' ]
281 silly lockFile 96b824fb-should-7-1-1 should@7.1.1
282 verbose lock should@7.1.1 /Users/mjsalinger/.npm/96b824fb-should-7-1-1.lock
283 silly addNameRange number 2 { name: 'sinon', range: '>=1.14.1-0 <2.0.0-0', hasData: true }
284 silly addNameRange versions [ 'sinon',
284 silly addNameRange   [ '0.6.2',
284 silly addNameRange     '0.6.3',
284 silly addNameRange     '1.0.0',
284 silly addNameRange     '1.0.1',
284 silly addNameRange     '1.0.2',
284 silly addNameRange     '1.1.0',
284 silly addNameRange     '1.1.1',
284 silly addNameRange     '1.2.0',
284 silly addNameRange     '1.3.0',
284 silly addNameRange     '1.3.1',
284 silly addNameRange     '1.3.2',
284 silly addNameRange     '1.3.3',
284 silly addNameRange     '1.3.4',
284 silly addNameRange     '1.4.0',
284 silly addNameRange     '1.4.1',
284 silly addNameRange     '1.4.2',
284 silly addNameRange     '1.5.0',
284 silly addNameRange     '1.5.2',
284 silly addNameRange     '1.6.0',
284 silly addNameRange     '1.7.0',
284 silly addNameRange     '1.7.1',
284 silly addNameRange     '1.7.2',
284 silly addNameRange     '1.7.3',
284 silly addNameRange     '1.8.1',
284 silly addNameRange     '1.8.2',
284 silly addNameRange     '1.9.0',
284 silly addNameRange     '1.9.1',
284 silly addNameRange     '1.10.0',
284 silly addNameRange     '1.10.1',
284 silly addNameRange     '1.10.2',
284 silly addNameRange     '1.10.3',
284 silly addNameRange     '1.11.0',
284 silly addNameRange     '1.11.1',
284 silly addNameRange     '1.12.0',
284 silly addNameRange     '1.12.1',
284 silly addNameRange     '1.12.2',
284 silly addNameRange     '1.13.0',
284 silly addNameRange     '1.14.0',
284 silly addNameRange     '1.14.1',
284 silly addNameRange     '1.15.0',
284 silly addNameRange     '1.15.1',
284 silly addNameRange     '1.15.2',
284 silly addNameRange     '1.15.3',
284 silly addNameRange     '1.15.4',
284 silly addNameRange     '1.16.0',
284 silly addNameRange     '1.16.1',
284 silly addNameRange     '1.17.0',
284 silly addNameRange     '1.17.1',
284 silly addNameRange     '1.17.2',
284 silly addNameRange     '2.0.0-pre',
284 silly addNameRange     '1.17.3' ] ]
285 verbose addNamed [ 'sinon', '1.17.3' ]
286 verbose addNamed [ '1.17.3', '1.17.3' ]
287 silly lockFile ea1aa99b-sinon-1-17-3 sinon@1.17.3
288 verbose lock sinon@1.17.3 /Users/mjsalinger/.npm/ea1aa99b-sinon-1-17-3.lock
289 silly lockFile 2ffd7287-pmjs-org-should-should-7-1-1-tgz https://registry.npmjs.org/should/-/should-7.1.1.tgz
290 verbose lock https://registry.npmjs.org/should/-/should-7.1.1.tgz /Users/mjsalinger/.npm/2ffd7287-pmjs-org-should-should-7-1-1-tgz.lock
291 verbose addRemoteTarball [ 'https://registry.npmjs.org/should/-/should-7.1.1.tgz',
291 verbose addRemoteTarball   '6464c48b6f7c1e1f18ac0483578fa2dd55c2c6e0' ]
292 silly lockFile ea1aa99b-sinon-1-17-3 sinon@1.17.3
293 silly lockFile ea1aa99b-sinon-1-17-3 sinon@1.17.3
294 silly lockFile badb42da-sinon-1-14-1 sinon@^1.14.1
295 silly lockFile badb42da-sinon-1-14-1 sinon@^1.14.1
296 info retry fetch attempt 1 at 17:24:45
297 verbose fetch to= /var/folders/85/m185j9_x4kq8r0xk1w6bwbgm0000gn/T/npm-52468-0kxxEwOZ/registry.npmjs.org/should/-/should-7.1.1.tgz
298 http GET https://registry.npmjs.org/should/-/should-7.1.1.tgz
299 http 200 https://registry.npmjs.org/body-parser
300 silly registry.get cb [ 200,
300 silly registry.get   { server: 'CouchDB/1.5.0 (Erlang OTP/R16B03)',
300 silly registry.get     etag: '"239XXTKAKX7MOC0XKCTA8AOFL"',
300 silly registry.get     'content-type': 'application/json',
300 silly registry.get     'cache-control': 'max-age=300',
300 silly registry.get     'content-length': '115460',
300 silly registry.get     'accept-ranges': 'bytes',
300 silly registry.get     date: 'Thu, 03 Mar 2016 22:24:45 GMT',
300 silly registry.get     via: '1.1 varnish',
300 silly registry.get     age: '195',
300 silly registry.get     connection: 'keep-alive',
300 silly registry.get     'x-served-by': 'cache-atl6248-ATL',
300 silly registry.get     'x-cache': 'HIT',
300 silly registry.get     'x-cache-hits': '3',
300 silly registry.get     'x-timer': 'S1457043885.361914,VS0,VE0',
300 silly registry.get     vary: 'Accept' } ]
301 silly addNameRange number 2 { name: 'body-parser',
301 silly addNameRange   range: '>=1.14.1-0 <2.0.0-0',
301 silly addNameRange   hasData: true }
302 silly addNameRange versions [ 'body-parser',
302 silly addNameRange   [ '1.0.0',
302 silly addNameRange     '1.0.1',
302 silly addNameRange     '1.0.2',
302 silly addNameRange     '1.1.0',
302 silly addNameRange     '1.1.1',
302 silly addNameRange     '1.1.2',
302 silly addNameRange     '1.2.0',
302 silly addNameRange     '1.2.1',
302 silly addNameRange     '1.2.2',
302 silly addNameRange     '1.3.0',
302 silly addNameRange     '1.3.1',
302 silly addNameRange     '1.4.0',
302 silly addNameRange     '1.4.1',
302 silly addNameRange     '1.4.2',
302 silly addNameRange     '1.4.3',
302 silly addNameRange     '1.5.0',
302 silly addNameRange     '1.5.1',
302 silly addNameRange     '1.5.2',
302 silly addNameRange     '1.6.0',
302 silly addNameRange     '1.6.1',
302 silly addNameRange     '1.6.2',
302 silly addNameRange     '1.6.3',
302 silly addNameRange     '1.6.4',
302 silly addNameRange     '1.6.5',
302 silly addNameRange     '1.6.6',
302 silly addNameRange     '1.6.7',
302 silly addNameRange     '1.7.0',
302 silly addNameRange     '1.8.0',
302 silly addNameRange     '1.8.1',
302 silly addNameRange     '1.8.2',
302 silly addNameRange     '1.8.3',
302 silly addNameRange     '1.8.4',
302 silly addNameRange     '1.9.0',
302 silly addNameRange     '1.9.1',
302 silly addNameRange     '1.9.2',
302 silly addNameRange     '1.9.3',
302 silly addNameRange     '1.10.0',
302 silly addNameRange     '1.10.1',
302 silly addNameRange     '1.10.2',
302 silly addNameRange     '1.11.0',
302 silly addNameRange     '1.12.0',
302 silly addNameRange     '1.12.1',
302 silly addNameRange     '1.12.2',
302 silly addNameRange     '1.12.3',
302 silly addNameRange     '1.12.4',
302 silly addNameRange     '1.13.0',
302 silly addNameRange     '1.13.1',
302 silly addNameRange     '1.13.2',
302 silly addNameRange     '1.13.3',
302 silly addNameRange     '1.14.0',
302 silly addNameRange     '1.14.1',
302 silly addNameRange     '1.14.2',
302 silly addNameRange     '1.15.0' ] ]
303 verbose addNamed [ 'body-parser', '1.15.0' ]
304 verbose addNamed [ '1.15.0', '1.15.0' ]
305 silly lockFile 0f65416a-body-parser-1-15-0 body-parser@1.15.0
306 verbose lock body-parser@1.15.0 /Users/mjsalinger/.npm/0f65416a-body-parser-1-15-0.lock
307 silly lockFile b3801006-dy-parser-body-parser-1-15-0-tgz https://registry.npmjs.org/body-parser/-/body-parser-1.15.0.tgz
308 verbose lock https://registry.npmjs.org/body-parser/-/body-parser-1.15.0.tgz /Users/mjsalinger/.npm/b3801006-dy-parser-body-parser-1-15-0-tgz.lock
309 verbose addRemoteTarball [ 'https://registry.npmjs.org/body-parser/-/body-parser-1.15.0.tgz',
309 verbose addRemoteTarball   '8168abaeaf9e77e300f7b3aef4df4b46e9b21b35' ]
310 info retry fetch attempt 1 at 17:24:45
311 verbose fetch to= /var/folders/85/m185j9_x4kq8r0xk1w6bwbgm0000gn/T/npm-52468-0kxxEwOZ/registry.npmjs.org/body-parser/-/body-parser-1.15.0.tgz
312 http GET https://registry.npmjs.org/body-parser/-/body-parser-1.15.0.tgz
313 http 200 https://registry.npmjs.org/jshint
314 silly registry.get cb [ 200,
314 silly registry.get   { server: 'CouchDB/1.5.0 (Erlang OTP/R16B03)',
314 silly registry.get     etag: '"6JL46KAT0F3BP7LOIU1G8HCKB"',
314 silly registry.get     'content-type': 'application/json',
314 silly registry.get     'cache-control': 'max-age=300',
314 silly registry.get     'content-length': '112601',
314 silly registry.get     'accept-ranges': 'bytes',
314 silly registry.get     date: 'Thu, 03 Mar 2016 22:24:45 GMT',
314 silly registry.get     via: '1.1 varnish',
314 silly registry.get     age: '277',
314 silly registry.get     connection: 'keep-alive',
314 silly registry.get     'x-served-by': 'cache-atl6230-ATL',
314 silly registry.get     'x-cache': 'HIT',
314 silly registry.get     'x-cache-hits': '4',
314 silly registry.get     'x-timer': 'S1457043885.404874,VS0,VE0',
314 silly registry.get     vary: 'Accept' } ]
315 http 200 https://registry.npmjs.org/supertest
316 silly registry.get cb [ 200,
316 silly registry.get   { server: 'CouchDB/1.5.0 (Erlang OTP/R16B03)',
316 silly registry.get     etag: '"4M0OD2EAUSM9QDV07JCM3A53C"',
316 silly registry.get     'content-type': 'application/json',
316 silly registry.get     'cache-control': 'max-age=300',
316 silly registry.get     'content-length': '41452',
316 silly registry.get     'accept-ranges': 'bytes',
316 silly registry.get     date: 'Thu, 03 Mar 2016 22:24:45 GMT',
316 silly registry.get     via: '1.1 varnish',
316 silly registry.get     age: '12',
316 silly registry.get     connection: 'keep-alive',
316 silly registry.get     'x-served-by': 'cache-atl6248-ATL',
316 silly registry.get     'x-cache': 'HIT',
316 silly registry.get     'x-cache-hits': '1',
316 silly registry.get     'x-timer': 'S1457043885.468834,VS0,VE0',
316 silly registry.get     vary: 'Accept' } ]
317 silly addNameRange number 2 { name: 'jshint', range: '>=2.8.0-0 <3.0.0-0', hasData: true }
318 silly addNameRange versions [ 'jshint',
318 silly addNameRange   [ '0.1.8',
318 silly addNameRange     '0.1.9',
318 silly addNameRange     '0.2.0',
318 silly addNameRange     '0.2.1',
318 silly addNameRange     '0.2.2',
318 silly addNameRange     '0.2.3',
318 silly addNameRange     '0.3.0',
318 silly addNameRange     '0.3.1',
318 silly addNameRange     '0.4.0',
318 silly addNameRange     '0.5.0',
318 silly addNameRange     '0.5.1',
318 silly addNameRange     '0.5.2',
318 silly addNameRange     '0.5.3',
318 silly addNameRange     '0.5.4',
318 silly addNameRange     '0.5.5',
318 silly addNameRange     '0.5.6',
318 silly addNameRange     '0.5.7',
318 silly addNameRange     '0.5.8',
318 silly addNameRange     '0.5.9',
318 silly addNameRange     '0.6.0',
318 silly addNameRange     '0.6.1',
318 silly addNameRange     '0.6.2',
318 silly addNameRange     '0.6.3',
318 silly addNameRange     '0.7.0',
318 silly addNameRange     '0.7.1',
318 silly addNameRange     '0.7.2',
318 silly addNameRange     '0.7.3',
318 silly addNameRange     '0.8.0',
318 silly addNameRange     '0.8.1',
318 silly addNameRange     '0.8.2',
318 silly addNameRange     '0.9.0',
318 silly addNameRange     '0.9.1',
318 silly addNameRange     '1.0.0',
318 silly addNameRange     '1.1.0',
318 silly addNameRange     '2.0.0',
318 silly addNameRange     '2.0.1',
318 silly addNameRange     '2.1.0',
318 silly addNameRange     '2.1.1',
318 silly addNameRange     '2.1.2',
318 silly addNameRange     '2.1.3',
318 silly addNameRange     '2.1.4',
318 silly addNameRange     '2.1.5',
318 silly addNameRange     '2.1.6',
318 silly addNameRange     '2.1.7',
318 silly addNameRange     '2.1.8',
318 silly addNameRange     '2.1.9',
318 silly addNameRange     '2.1.10',
318 silly addNameRange     '2.1.11',
318 silly addNameRange     '2.2.0',
318 silly addNameRange     '2.3.0',
318 silly addNameRange     '2.4.0',
318 silly addNameRange     '2.4.1',
318 silly addNameRange     '2.4.2',
318 silly addNameRange     '2.4.3',
318 silly addNameRange     '2.4.4',
318 silly addNameRange     '2.5.0',
318 silly addNameRange     '2.5.1',
318 silly addNameRange     '2.5.2',
318 silly addNameRange     '2.5.3',
318 silly addNameRange     '2.5.4',
318 silly addNameRange     '2.5.5',
318 silly addNameRange     '2.5.6',
318 silly addNameRange     '2.5.7',
318 silly addNameRange     '2.5.8',
318 silly addNameRange     '2.5.9',
318 silly addNameRange     '2.5.10',
318 silly addNameRange     '2.5.11',
318 silly addNameRange     '2.6.0',
318 silly addNameRange     '2.6.1',
318 silly addNameRange     '2.6.2',
318 silly addNameRange     '2.6.3',
318 silly addNameRange     '2.7.0',
318 silly addNameRange     '2.8.0',
318 silly addNameRange     '2.9.1-rc1',
318 silly addNameRange     '2.9.1-rc2',
318 silly addNameRange     '2.9.1-rc3',
318 silly addNameRange     '2.9.1' ] ]
319 verbose addNamed [ 'jshint', '2.9.1' ]
320 verbose addNamed [ '2.9.1', '2.9.1' ]
321 silly lockFile 16f7c4d2-jshint-2-9-1 jshint@2.9.1
322 verbose lock jshint@2.9.1 /Users/mjsalinger/.npm/16f7c4d2-jshint-2-9-1.lock
323 silly addNameRange number 2 { name: 'supertest',
323 silly addNameRange   range: '>=0.15.0-0 <0.16.0-0',
323 silly addNameRange   hasData: true }
324 silly addNameRange versions [ 'supertest',
324 silly addNameRange   [ '0.0.1',
324 silly addNameRange     '0.1.0',
324 silly addNameRange     '0.1.1',
324 silly addNameRange     '0.1.2',
324 silly addNameRange     '0.2.0',
324 silly addNameRange     '0.3.0',
324 silly addNameRange     '0.3.1',
324 silly addNameRange     '0.4.0',
324 silly addNameRange     '0.4.1',
324 silly addNameRange     '0.4.2',
324 silly addNameRange     '0.5.0',
324 silly addNameRange     '0.5.1',
324 silly addNameRange     '0.6.0',
324 silly addNameRange     '0.6.1',
324 silly addNameRange     '0.7.0',
324 silly addNameRange     '0.7.1',
324 silly addNameRange     '0.8.0',
324 silly addNameRange     '0.8.1',
324 silly addNameRange     '0.8.2',
324 silly addNameRange     '0.8.3',
324 silly addNameRange     '0.9.0',
324 silly addNameRange     '0.9.1',
324 silly addNameRange     '0.9.2',
324 silly addNameRange     '0.10.0',
324 silly addNameRange     '0.11.0',
324 silly addNameRange     '0.12.0',
324 silly addNameRange     '0.12.1',
324 silly addNameRange     '0.13.0',
324 silly addNameRange     '0.14.0',
324 silly addNameRange     '0.15.0',
324 silly addNameRange     '1.0.0',
324 silly addNameRange     '1.0.1',
324 silly addNameRange     '1.1.0',
324 silly addNameRange     '1.2.0' ] ]
325 verbose addNamed [ 'supertest', '0.15.0' ]
326 verbose addNamed [ '0.15.0', '0.15.0' ]
327 silly lockFile afa2c123-supertest-0-15-0 supertest@0.15.0
328 verbose lock supertest@0.15.0 /Users/mjsalinger/.npm/afa2c123-supertest-0-15-0.lock
329 silly lockFile afa2c123-supertest-0-15-0 supertest@0.15.0
330 silly lockFile afa2c123-supertest-0-15-0 supertest@0.15.0
331 silly lockFile 16f7c4d2-jshint-2-9-1 jshint@2.9.1
332 silly lockFile 16f7c4d2-jshint-2-9-1 jshint@2.9.1
333 silly lockFile 8a95b531-supertest-0-15-0 supertest@^0.15.0
334 silly lockFile 8a95b531-supertest-0-15-0 supertest@^0.15.0
335 silly lockFile 44d500ba-jshint-2-8-0 jshint@^2.8.0
336 silly lockFile 44d500ba-jshint-2-8-0 jshint@^2.8.0
337 http 200 https://registry.npmjs.org/should/-/should-7.1.1.tgz
338 http 200 https://registry.npmjs.org/body-parser/-/body-parser-1.15.0.tgz
339 silly lockFile b3801006-dy-parser-body-parser-1-15-0-tgz https://registry.npmjs.org/body-parser/-/body-parser-1.15.0.tgz
340 silly lockFile b3801006-dy-parser-body-parser-1-15-0-tgz https://registry.npmjs.org/body-parser/-/body-parser-1.15.0.tgz
341 silly lockFile 0f65416a-body-parser-1-15-0 body-parser@1.15.0
342 silly lockFile 0f65416a-body-parser-1-15-0 body-parser@1.15.0
343 silly lockFile 1f68d08c-body-parser-1-14-1 body-parser@^1.14.1
344 silly lockFile 1f68d08c-body-parser-1-14-1 body-parser@^1.14.1
345 silly lockFile 2ffd7287-pmjs-org-should-should-7-1-1-tgz https://registry.npmjs.org/should/-/should-7.1.1.tgz
346 silly lockFile 2ffd7287-pmjs-org-should-should-7-1-1-tgz https://registry.npmjs.org/should/-/should-7.1.1.tgz
347 silly lockFile 96b824fb-should-7-1-1 should@7.1.1
348 silly lockFile 96b824fb-should-7-1-1 should@7.1.1
349 silly lockFile 802a025e-should-7-1-0 should@^7.1.0
350 silly lockFile 802a025e-should-7-1-0 should@^7.1.0
351 error notarget No compatible version found: oauth2-server@'oauth2-server'
351 error notarget Valid install targets:
351 error notarget ["2.2.2","2.3.0","2.4.0","2.4.1","3.0.0-b1","3.0.0-b2"]
351 error notarget
351 error notarget This is most likely not a problem with npm itself.
351 error notarget In most cases you or one of your dependencies are requesting
351 error notarget a package version that doesn't exist.
352 error System Darwin 15.0.0
353 error command "/Users/mjsalinger/.nvm/v0.10.42/bin/node" "/Users/mjsalinger/.nvm/v0.10.42/bin/npm" "install"
354 error cwd /Users/mjsalinger/Development/Personal/express-oauth-server
355 error node -v v0.10.42
356 error npm -v 1.4.29
357 error code ETARGET
358 verbose exit [ 1, true ]
